TN:
SF:src/config/plugins/envs.plugin.ts
FNF:0
FNH:0
DA:1,1
DA:2,1
DA:3,1
DA:4,1
DA:5,1
DA:6,1
DA:7,1
DA:8,1
DA:9,1
DA:10,1
DA:11,1
DA:12,1
DA:13,1
DA:14,1
DA:15,1
DA:16,1
LF:16
LH:16
BRF:0
BRH:0
end_of_record
TN:
SF:src/domain/entities/log.entity.ts
FN:15,<instance_members_initializer>
FN:20,LogEntity
FN:28,<static_initializer>
FN:28,fromJson
FN:43,fromObject
FNF:5
FNH:5
FNDA:4,<instance_members_initializer>
FNDA:4,LogEntity
FNDA:2,<static_initializer>
FNDA:1,fromJson
FNDA:1,fromObject
DA:1,2
DA:2,2
DA:3,2
DA:4,2
DA:5,2
DA:6,1
DA:7,1
DA:8,1
DA:9,1
DA:10,1
DA:11,1
DA:12,1
DA:13,1
DA:14,1
DA:15,1
DA:16,4
DA:17,4
DA:18,1
DA:19,1
DA:20,1
DA:21,4
DA:22,4
DA:23,4
DA:24,4
DA:25,4
DA:26,4
DA:27,1
DA:28,1
DA:29,1
DA:30,1
DA:31,1
DA:32,1
DA:33,1
DA:34,1
DA:35,1
DA:36,1
DA:37,1
DA:38,1
DA:39,1
DA:40,1
DA:41,2
DA:42,2
DA:43,2
DA:44,1
DA:45,1
DA:46,1
DA:47,1
DA:48,1
DA:49,1
DA:50,1
DA:51,1
DA:52,1
DA:53,1
LF:53
LH:53
BRDA:1,0,0,2
BRDA:15,1,0,4
BRDA:20,2,0,4
BRDA:28,3,0,2
BRDA:28,4,0,1
BRDA:29,5,0,0
BRDA:43,6,0,1
BRF:7
BRH:6
end_of_record
